Started GET "/" for 127.0.0.1 at 2017-07-28 01:58:45 +0900
Processing by Rails::WelcomeController#index as HTML
  Rendering /Users/a12711/.rbenv/versions/2.3.1/lib/ruby/gems/2.3.0/gems/railties-5.1.2/lib/rails/templates/rails/welcome/index.html.erb
  Rendered /Users/a12711/.rbenv/versions/2.3.1/lib/ruby/gems/2.3.0/gems/railties-5.1.2/lib/rails/templates/rails/welcome/index.html.erb (3.7ms)
Completed 200 OK in 138ms (Views: 8.3ms)


Started GET "/favicon.ico" for 127.0.0.1 at 2017-07-28 01:58:46 +0900
  
ActionController::RoutingError (No route matches [GET] "/favicon.ico"):
  
actionpack (5.1.2) lib/action_dispatch/middleware/debug_exceptions.rb:63:in `call'
actionpack (5.1.2) lib/action_dispatch/middleware/show_exceptions.rb:31:in `call'
railties (5.1.2) lib/rails/rack/logger.rb:36:in `call_app'
railties (5.1.2) lib/rails/rack/logger.rb:24:in `block in call'
activesupport (5.1.2) lib/active_support/tagged_logging.rb:69:in `block in tagged'
activesupport (5.1.2) lib/active_support/tagged_logging.rb:26:in `tagged'
activesupport (5.1.2) lib/active_support/tagged_logging.rb:69:in `tagged'
railties (5.1.2) lib/rails/rack/logger.rb:24:in `call'
actionpack (5.1.2) lib/action_dispatch/middleware/remote_ip.rb:79:in `call'
actionpack (5.1.2) lib/action_dispatch/middleware/request_id.rb:25:in `call'
rack (2.0.3) lib/rack/runtime.rb:22:in `call'
activesupport (5.1.2) lib/active_support/cache/strategy/local_cache_middleware.rb:27:in `call'
actionpack (5.1.2) lib/action_dispatch/middleware/executor.rb:12:in `call'
actionpack (5.1.2) lib/action_dispatch/middleware/static.rb:125:in `call'
rack (2.0.3) lib/rack/sendfile.rb:111:in `call'
railties (5.1.2) lib/rails/engine.rb:522:in `call'
puma (3.9.1) lib/puma/configuration.rb:224:in `call'
puma (3.9.1) lib/puma/server.rb:602:in `handle_request'
puma (3.9.1) lib/puma/server.rb:435:in `process_client'
puma (3.9.1) lib/puma/server.rb:299:in `block in run'
puma (3.9.1) lib/puma/thread_pool.rb:120:in `block in spawn_thread'
  [1m[35m (59.5ms)[0m  [1m[35mSET NAMES utf8,  @@SESSION.sql_mode = CONCAT(CONCAT(@@sql_mode, ',STRICT_ALL_TABLES'), ',NO_AUTO_VALUE_ON_ZERO'),  @@SESSION.sql_auto_is_null = 0, @@SESSION.wait_timeout = 2147483[0m
  [1m[35m (100.9ms)[0m  [1m[35mCREATE TABLE `schema_migrations` (`version` varchar(255) NOT NULL PRIMARY KEY) ENGINE=InnoDB[0m
  [1m[35m (49.1ms)[0m  [1m[35mCREATE TABLE `ar_internal_metadata` (`key` varchar(255) NOT NULL PRIMARY KEY, `value` varchar(255), `created_at` datetime NOT NULL, `updated_at` datetime NOT NULL) ENGINE=InnoDB[0m
  [1m[35m (0.2ms)[0m  [1m[34mSELECT DATABASE() as db[0m
  [1m[35m (2.8ms)[0m  [1m[34mSELECT GET_LOCK(3143987263343615010, 0)[0m
  [1m[35m (2.7ms)[0m  [1m[34mSELECT `schema_migrations`.`version` FROM `schema_migrations` ORDER BY `schema_migrations`.`version` ASC[0m
Migrating to CreateQuestions (20170730233718)
  [1m[35m (38.9ms)[0m  [1m[35mCREATE TABLE `questions` (`id` bigint NOT NULL AUTO_INCREMENT PRIMARY KEY, `content` varchar(255), `answer` varchar(255), `created_at` datetime NOT NULL, `updated_at` datetime NOT NULL) ENGINE=InnoDB[0m
  [1m[35m (1.2ms)[0m  [1m[35mBEGIN[0m
  [1m[35mSQL (4.0ms)[0m  [1m[32mINSERT INTO `schema_migrations` (`version`) VALUES ('20170730233718')[0m
  [1m[35m (0.5ms)[0m  [1m[35mCOMMIT[0m
  [1m[36mActiveRecord::InternalMetadata Load (0.8ms)[0m  [1m[34mSELECT  `ar_internal_metadata`.* FROM `ar_internal_metadata` WHERE `ar_internal_metadata`.`key` = 'environment' LIMIT 1[0m
  [1m[35m (0.2ms)[0m  [1m[35mBEGIN[0m
  [1m[35mSQL (1.2ms)[0m  [1m[32mINSERT INTO `ar_internal_metadata` (`key`, `value`, `created_at`, `updated_at`) VALUES ('environment', 'development', '2017-07-30 23:39:22', '2017-07-30 23:39:22')[0m
  [1m[35m (0.2ms)[0m  [1m[35mCOMMIT[0m
  [1m[35m (0.6ms)[0m  [1m[34mSELECT RELEASE_LOCK(3143987263343615010)[0m
  [1m[35m (0.2ms)[0m  [1m[34mSELECT `schema_migrations`.`version` FROM `schema_migrations` ORDER BY `schema_migrations`.`version` ASC[0m
  [1m[35m (0.6ms)[0m  [1m[35mSHOW CREATE TABLE `questions`[0m
  [1m[35m (1.3ms)[0m  [1m[35mSHOW TABLE STATUS LIKE 'questions'[0m
  [1m[35m (0.4ms)[0m  [1m[35mSET NAMES utf8,  @@SESSION.sql_mode = CONCAT(CONCAT(@@sql_mode, ',STRICT_ALL_TABLES'), ',NO_AUTO_VALUE_ON_ZERO'),  @@SESSION.sql_auto_is_null = 0, @@SESSION.wait_timeout = 2147483[0m
  [1m[35m (42.1ms)[0m  [1m[35mCREATE TABLE `schema_migrations` (`version` varchar(255) NOT NULL PRIMARY KEY) ENGINE=InnoDB[0m
  [1m[35m (41.2ms)[0m  [1m[35mCREATE TABLE `ar_internal_metadata` (`key` varchar(255) NOT NULL PRIMARY KEY, `value` varchar(255), `created_at` datetime NOT NULL, `updated_at` datetime NOT NULL) ENGINE=InnoDB[0m
  [1m[35m (0.3ms)[0m  [1m[34mSELECT DATABASE() as db[0m
  [1m[35m (0.3ms)[0m  [1m[34mSELECT GET_LOCK(3143987263343615010, 0)[0m
  [1m[35m (0.2ms)[0m  [1m[34mSELECT `schema_migrations`.`version` FROM `schema_migrations` ORDER BY `schema_migrations`.`version` ASC[0m
Migrating to CreateQuestions (20170730233718)
  [1m[35m (34.3ms)[0m  [1m[35mCREATE TABLE `questions` (`id` bigint NOT NULL AUTO_INCREMENT PRIMARY KEY, `content` varchar(255), `answer` varchar(255), `created_at` datetime NOT NULL, `updated_at` datetime NOT NULL) ENGINE=InnoDB[0m
  [1m[35m (0.1ms)[0m  [1m[35mBEGIN[0m
  [1m[35mSQL (0.2ms)[0m  [1m[32mINSERT INTO `schema_migrations` (`version`) VALUES ('20170730233718')[0m
  [1m[35m (0.3ms)[0m  [1m[35mCOMMIT[0m
  [1m[36mActiveRecord::InternalMetadata Load (0.2ms)[0m  [1m[34mSELECT  `ar_internal_metadata`.* FROM `ar_internal_metadata` WHERE `ar_internal_metadata`.`key` = 'environment' LIMIT 1[0m
  [1m[35m (0.1ms)[0m  [1m[35mBEGIN[0m
  [1m[35mSQL (0.2ms)[0m  [1m[32mINSERT INTO `ar_internal_metadata` (`key`, `value`, `created_at`, `updated_at`) VALUES ('environment', 'development', '2017-07-31 14:10:29', '2017-07-31 14:10:29')[0m
  [1m[35m (0.2ms)[0m  [1m[35mCOMMIT[0m
  [1m[35m (0.2ms)[0m  [1m[34mSELECT RELEASE_LOCK(3143987263343615010)[0m
  [1m[35m (0.2ms)[0m  [1m[34mSELECT `schema_migrations`.`version` FROM `schema_migrations` ORDER BY `schema_migrations`.`version` ASC[0m
  [1m[35m (0.2ms)[0m  [1m[35mSHOW CREATE TABLE `questions`[0m
  [1m[35m (0.3ms)[0m  [1m[35mSHOW TABLE STATUS LIKE 'questions'[0m
  [1m[35m (0.3ms)[0m  [1m[35mSET NAMES utf8,  @@SESSION.sql_mode = CONCAT(CONCAT(@@sql_mode, ',STRICT_ALL_TABLES'), ',NO_AUTO_VALUE_ON_ZERO'),  @@SESSION.sql_auto_is_null = 0, @@SESSION.wait_timeout = 2147483[0m
  [1m[35m (0.1ms)[0m  [1m[34mSELECT DATABASE() as db[0m
  [1m[35m (0.2ms)[0m  [1m[34mSELECT GET_LOCK(3143987263343615010, 0)[0m
  [1m[35m (0.2ms)[0m  [1m[34mSELECT `schema_migrations`.`version` FROM `schema_migrations` ORDER BY `schema_migrations`.`version` ASC[0m
  [1m[36mActiveRecord::InternalMetadata Load (0.2ms)[0m  [1m[34mSELECT  `ar_internal_metadata`.* FROM `ar_internal_metadata` WHERE `ar_internal_metadata`.`key` = 'environment' LIMIT 1[0m
  [1m[35m (0.2ms)[0m  [1m[35mBEGIN[0m
  [1m[35m (0.1ms)[0m  [1m[35mCOMMIT[0m
  [1m[35m (0.1ms)[0m  [1m[34mSELECT RELEASE_LOCK(3143987263343615010)[0m
  [1m[35m (0.4ms)[0m  [1m[34mSELECT `schema_migrations`.`version` FROM `schema_migrations` ORDER BY `schema_migrations`.`version` ASC[0m
  [1m[35m (0.1ms)[0m  [1m[35mSHOW CREATE TABLE `questions`[0m
  [1m[35m (0.2ms)[0m  [1m[35mSHOW TABLE STATUS LIKE 'questions'[0m
Started POST "/questions" for 127.0.0.1 at 2017-08-01 03:09:24 +0900
  [1m[35m (0.3ms)[0m  [1m[35mSET NAMES utf8,  @@SESSION.sql_mode = CONCAT(CONCAT(@@sql_mode, ',STRICT_ALL_TABLES'), ',NO_AUTO_VALUE_ON_ZERO'),  @@SESSION.sql_auto_is_null = 0, @@SESSION.wait_timeout = 2147483[0m
  [1m[35m (0.2ms)[0m  [1m[34mSELECT `schema_migrations`.`version` FROM `schema_migrations` ORDER BY `schema_migrations`.`version` ASC[0m
Error occurred while parsing request parameters.
Contents:

{
  'content': 'test',
  'answer': 'answer test'
}
  
ActionDispatch::Http::Parameters::ParseError (822: unexpected token at '{
  'content': 'test',
  'answer': 'answer test'
}'):
  
actionpack (5.1.2) lib/action_dispatch/http/parameters.rb:113:in `rescue in parse_formatted_parameters'
actionpack (5.1.2) lib/action_dispatch/http/parameters.rb:107:in `parse_formatted_parameters'
actionpack (5.1.2) lib/action_dispatch/http/request.rb:358:in `block in POST'
rack (2.0.3) lib/rack/request.rb:57:in `fetch'
rack (2.0.3) lib/rack/request.rb:57:in `fetch_header'
actionpack (5.1.2) lib/action_dispatch/http/request.rb:357:in `POST'
actionpack (5.1.2) lib/action_controller/metal/params_wrapper.rb:286:in `_wrapper_enabled?'
actionpack (5.1.2) lib/action_controller/metal/params_wrapper.rb:235:in `process_action'
activerecord (5.1.2) lib/active_record/railties/controller_runtime.rb:22:in `process_action'
actionpack (5.1.2) lib/abstract_controller/base.rb:124:in `process'
actionpack (5.1.2) lib/action_controller/metal.rb:189:in `dispatch'
actionpack (5.1.2) lib/action_controller/metal.rb:253:in `dispatch'
actionpack (5.1.2) lib/action_dispatch/routing/route_set.rb:49:in `dispatch'
actionpack (5.1.2) lib/action_dispatch/routing/route_set.rb:31:in `serve'
actionpack (5.1.2) lib/action_dispatch/journey/router.rb:46:in `block in serve'
actionpack (5.1.2) lib/action_dispatch/journey/router.rb:33:in `each'
actionpack (5.1.2) lib/action_dispatch/journey/router.rb:33:in `serve'
actionpack (5.1.2) lib/action_dispatch/routing/route_set.rb:832:in `call'
rack (2.0.3) lib/rack/etag.rb:25:in `call'
rack (2.0.3) lib/rack/conditional_get.rb:38:in `call'
rack (2.0.3) lib/rack/head.rb:12:in `call'
activerecord (5.1.2) lib/active_record/migration.rb:556:in `call'
actionpack (5.1.2) lib/action_dispatch/middleware/callbacks.rb:26:in `block in call'
activesupport (5.1.2) lib/active_support/callbacks.rb:97:in `run_callbacks'
actionpack (5.1.2) lib/action_dispatch/middleware/callbacks.rb:24:in `call'
actionpack (5.1.2) lib/action_dispatch/middleware/executor.rb:12:in `call'
actionpack (5.1.2) lib/action_dispatch/middleware/debug_exceptions.rb:59:in `call'
actionpack (5.1.2) lib/action_dispatch/middleware/show_exceptions.rb:31:in `call'
railties (5.1.2) lib/rails/rack/logger.rb:36:in `call_app'
railties (5.1.2) lib/rails/rack/logger.rb:24:in `block in call'
activesupport (5.1.2) lib/active_support/tagged_logging.rb:69:in `block in tagged'
activesupport (5.1.2) lib/active_support/tagged_logging.rb:26:in `tagged'
activesupport (5.1.2) lib/active_support/tagged_logging.rb:69:in `tagged'
railties (5.1.2) lib/rails/rack/logger.rb:24:in `call'
actionpack (5.1.2) lib/action_dispatch/middleware/remote_ip.rb:79:in `call'
actionpack (5.1.2) lib/action_dispatch/middleware/request_id.rb:25:in `call'
rack (2.0.3) lib/rack/runtime.rb:22:in `call'
activesupport (5.1.2) lib/active_support/cache/strategy/local_cache_middleware.rb:27:in `call'
actionpack (5.1.2) lib/action_dispatch/middleware/executor.rb:12:in `call'
actionpack (5.1.2) lib/action_dispatch/middleware/static.rb:125:in `call'
rack (2.0.3) lib/rack/sendfile.rb:111:in `call'
railties (5.1.2) lib/rails/engine.rb:522:in `call'
puma (3.9.1) lib/puma/configuration.rb:224:in `call'
puma (3.9.1) lib/puma/server.rb:602:in `handle_request'
puma (3.9.1) lib/puma/server.rb:435:in `process_client'
puma (3.9.1) lib/puma/server.rb:299:in `block in run'
puma (3.9.1) lib/puma/thread_pool.rb:120:in `block in spawn_thread'
Started POST "/questions" for 127.0.0.1 at 2017-08-01 03:09:55 +0900
Error occurred while parsing request parameters.
Contents:

{
  content: 'test',
  answer: 'answer test'
}
  
ActionDispatch::Http::Parameters::ParseError (822: unexpected token at '{
  content: 'test',
  answer: 'answer test'
}'):
  
actionpack (5.1.2) lib/action_dispatch/http/parameters.rb:113:in `rescue in parse_formatted_parameters'
actionpack (5.1.2) lib/action_dispatch/http/parameters.rb:107:in `parse_formatted_parameters'
actionpack (5.1.2) lib/action_dispatch/http/request.rb:358:in `block in POST'
rack (2.0.3) lib/rack/request.rb:57:in `fetch'
rack (2.0.3) lib/rack/request.rb:57:in `fetch_header'
actionpack (5.1.2) lib/action_dispatch/http/request.rb:357:in `POST'
actionpack (5.1.2) lib/action_controller/metal/params_wrapper.rb:286:in `_wrapper_enabled?'
actionpack (5.1.2) lib/action_controller/metal/params_wrapper.rb:235:in `process_action'
activerecord (5.1.2) lib/active_record/railties/controller_runtime.rb:22:in `process_action'
actionpack (5.1.2) lib/abstract_controller/base.rb:124:in `process'
actionpack (5.1.2) lib/action_controller/metal.rb:189:in `dispatch'
actionpack (5.1.2) lib/action_controller/metal.rb:253:in `dispatch'
actionpack (5.1.2) lib/action_dispatch/routing/route_set.rb:49:in `dispatch'
actionpack (5.1.2) lib/action_dispatch/routing/route_set.rb:31:in `serve'
actionpack (5.1.2) lib/action_dispatch/journey/router.rb:46:in `block in serve'
actionpack (5.1.2) lib/action_dispatch/journey/router.rb:33:in `each'
actionpack (5.1.2) lib/action_dispatch/journey/router.rb:33:in `serve'
actionpack (5.1.2) lib/action_dispatch/routing/route_set.rb:832:in `call'
rack (2.0.3) lib/rack/etag.rb:25:in `call'
rack (2.0.3) lib/rack/conditional_get.rb:38:in `call'
rack (2.0.3) lib/rack/head.rb:12:in `call'
activerecord (5.1.2) lib/active_record/migration.rb:556:in `call'
actionpack (5.1.2) lib/action_dispatch/middleware/callbacks.rb:26:in `block in call'
activesupport (5.1.2) lib/active_support/callbacks.rb:97:in `run_callbacks'
actionpack (5.1.2) lib/action_dispatch/middleware/callbacks.rb:24:in `call'
actionpack (5.1.2) lib/action_dispatch/middleware/executor.rb:12:in `call'
actionpack (5.1.2) lib/action_dispatch/middleware/debug_exceptions.rb:59:in `call'
actionpack (5.1.2) lib/action_dispatch/middleware/show_exceptions.rb:31:in `call'
railties (5.1.2) lib/rails/rack/logger.rb:36:in `call_app'
railties (5.1.2) lib/rails/rack/logger.rb:24:in `block in call'
activesupport (5.1.2) lib/active_support/tagged_logging.rb:69:in `block in tagged'
activesupport (5.1.2) lib/active_support/tagged_logging.rb:26:in `tagged'
activesupport (5.1.2) lib/active_support/tagged_logging.rb:69:in `tagged'
railties (5.1.2) lib/rails/rack/logger.rb:24:in `call'
actionpack (5.1.2) lib/action_dispatch/middleware/remote_ip.rb:79:in `call'
actionpack (5.1.2) lib/action_dispatch/middleware/request_id.rb:25:in `call'
rack (2.0.3) lib/rack/runtime.rb:22:in `call'
activesupport (5.1.2) lib/active_support/cache/strategy/local_cache_middleware.rb:27:in `call'
actionpack (5.1.2) lib/action_dispatch/middleware/executor.rb:12:in `call'
actionpack (5.1.2) lib/action_dispatch/middleware/static.rb:125:in `call'
rack (2.0.3) lib/rack/sendfile.rb:111:in `call'
railties (5.1.2) lib/rails/engine.rb:522:in `call'
puma (3.9.1) lib/puma/configuration.rb:224:in `call'
puma (3.9.1) lib/puma/server.rb:602:in `handle_request'
puma (3.9.1) lib/puma/server.rb:435:in `process_client'
puma (3.9.1) lib/puma/server.rb:299:in `block in run'
puma (3.9.1) lib/puma/thread_pool.rb:120:in `block in spawn_thread'
Started POST "/questions" for 127.0.0.1 at 2017-08-01 03:11:17 +0900
Error occurred while parsing request parameters.
Contents:

{
  'content': test'
  'answer': answer
}
  
ActionDispatch::Http::Parameters::ParseError (822: unexpected token at '{
  'content': test'
  'answer': answer
}'):
  
actionpack (5.1.2) lib/action_dispatch/http/parameters.rb:113:in `rescue in parse_formatted_parameters'
actionpack (5.1.2) lib/action_dispatch/http/parameters.rb:107:in `parse_formatted_parameters'
actionpack (5.1.2) lib/action_dispatch/http/request.rb:358:in `block in POST'
rack (2.0.3) lib/rack/request.rb:57:in `fetch'
rack (2.0.3) lib/rack/request.rb:57:in `fetch_header'
actionpack (5.1.2) lib/action_dispatch/http/request.rb:357:in `POST'
actionpack (5.1.2) lib/action_controller/metal/params_wrapper.rb:286:in `_wrapper_enabled?'
actionpack (5.1.2) lib/action_controller/metal/params_wrapper.rb:235:in `process_action'
activerecord (5.1.2) lib/active_record/railties/controller_runtime.rb:22:in `process_action'
actionpack (5.1.2) lib/abstract_controller/base.rb:124:in `process'
actionpack (5.1.2) lib/action_controller/metal.rb:189:in `dispatch'
actionpack (5.1.2) lib/action_controller/metal.rb:253:in `dispatch'
actionpack (5.1.2) lib/action_dispatch/routing/route_set.rb:49:in `dispatch'
actionpack (5.1.2) lib/action_dispatch/routing/route_set.rb:31:in `serve'
actionpack (5.1.2) lib/action_dispatch/journey/router.rb:46:in `block in serve'
actionpack (5.1.2) lib/action_dispatch/journey/router.rb:33:in `each'
actionpack (5.1.2) lib/action_dispatch/journey/router.rb:33:in `serve'
actionpack (5.1.2) lib/action_dispatch/routing/route_set.rb:832:in `call'
rack (2.0.3) lib/rack/etag.rb:25:in `call'
rack (2.0.3) lib/rack/conditional_get.rb:38:in `call'
rack (2.0.3) lib/rack/head.rb:12:in `call'
activerecord (5.1.2) lib/active_record/migration.rb:556:in `call'
actionpack (5.1.2) lib/action_dispatch/middleware/callbacks.rb:26:in `block in call'
activesupport (5.1.2) lib/active_support/callbacks.rb:97:in `run_callbacks'
actionpack (5.1.2) lib/action_dispatch/middleware/callbacks.rb:24:in `call'
actionpack (5.1.2) lib/action_dispatch/middleware/executor.rb:12:in `call'
actionpack (5.1.2) lib/action_dispatch/middleware/debug_exceptions.rb:59:in `call'
actionpack (5.1.2) lib/action_dispatch/middleware/show_exceptions.rb:31:in `call'
railties (5.1.2) lib/rails/rack/logger.rb:36:in `call_app'
railties (5.1.2) lib/rails/rack/logger.rb:24:in `block in call'
activesupport (5.1.2) lib/active_support/tagged_logging.rb:69:in `block in tagged'
activesupport (5.1.2) lib/active_support/tagged_logging.rb:26:in `tagged'
activesupport (5.1.2) lib/active_support/tagged_logging.rb:69:in `tagged'
railties (5.1.2) lib/rails/rack/logger.rb:24:in `call'
actionpack (5.1.2) lib/action_dispatch/middleware/remote_ip.rb:79:in `call'
actionpack (5.1.2) lib/action_dispatch/middleware/request_id.rb:25:in `call'
rack (2.0.3) lib/rack/runtime.rb:22:in `call'
activesupport (5.1.2) lib/active_support/cache/strategy/local_cache_middleware.rb:27:in `call'
actionpack (5.1.2) lib/action_dispatch/middleware/executor.rb:12:in `call'
actionpack (5.1.2) lib/action_dispatch/middleware/static.rb:125:in `call'
rack (2.0.3) lib/rack/sendfile.rb:111:in `call'
railties (5.1.2) lib/rails/engine.rb:522:in `call'
puma (3.9.1) lib/puma/configuration.rb:224:in `call'
puma (3.9.1) lib/puma/server.rb:602:in `handle_request'
puma (3.9.1) lib/puma/server.rb:435:in `process_client'
puma (3.9.1) lib/puma/server.rb:299:in `block in run'
puma (3.9.1) lib/puma/thread_pool.rb:120:in `block in spawn_thread'
Started POST "/questions" for 127.0.0.1 at 2017-08-01 03:11:21 +0900
Error occurred while parsing request parameters.
Contents:

{
  'content': test
  'answer': answer
}
  
ActionDispatch::Http::Parameters::ParseError (822: unexpected token at '{
  'content': test
  'answer': answer
}'):
  
actionpack (5.1.2) lib/action_dispatch/http/parameters.rb:113:in `rescue in parse_formatted_parameters'
actionpack (5.1.2) lib/action_dispatch/http/parameters.rb:107:in `parse_formatted_parameters'
actionpack (5.1.2) lib/action_dispatch/http/request.rb:358:in `block in POST'
rack (2.0.3) lib/rack/request.rb:57:in `fetch'
rack (2.0.3) lib/rack/request.rb:57:in `fetch_header'
actionpack (5.1.2) lib/action_dispatch/http/request.rb:357:in `POST'
actionpack (5.1.2) lib/action_controller/metal/params_wrapper.rb:286:in `_wrapper_enabled?'
actionpack (5.1.2) lib/action_controller/metal/params_wrapper.rb:235:in `process_action'
activerecord (5.1.2) lib/active_record/railties/controller_runtime.rb:22:in `process_action'
actionpack (5.1.2) lib/abstract_controller/base.rb:124:in `process'
actionpack (5.1.2) lib/action_controller/metal.rb:189:in `dispatch'
actionpack (5.1.2) lib/action_controller/metal.rb:253:in `dispatch'
actionpack (5.1.2) lib/action_dispatch/routing/route_set.rb:49:in `dispatch'
actionpack (5.1.2) lib/action_dispatch/routing/route_set.rb:31:in `serve'
actionpack (5.1.2) lib/action_dispatch/journey/router.rb:46:in `block in serve'
actionpack (5.1.2) lib/action_dispatch/journey/router.rb:33:in `each'
actionpack (5.1.2) lib/action_dispatch/journey/router.rb:33:in `serve'
actionpack (5.1.2) lib/action_dispatch/routing/route_set.rb:832:in `call'
rack (2.0.3) lib/rack/etag.rb:25:in `call'
rack (2.0.3) lib/rack/conditional_get.rb:38:in `call'
rack (2.0.3) lib/rack/head.rb:12:in `call'
activerecord (5.1.2) lib/active_record/migration.rb:556:in `call'
actionpack (5.1.2) lib/action_dispatch/middleware/callbacks.rb:26:in `block in call'
activesupport (5.1.2) lib/active_support/callbacks.rb:97:in `run_callbacks'
actionpack (5.1.2) lib/action_dispatch/middleware/callbacks.rb:24:in `call'
actionpack (5.1.2) lib/action_dispatch/middleware/executor.rb:12:in `call'
actionpack (5.1.2) lib/action_dispatch/middleware/debug_exceptions.rb:59:in `call'
actionpack (5.1.2) lib/action_dispatch/middleware/show_exceptions.rb:31:in `call'
railties (5.1.2) lib/rails/rack/logger.rb:36:in `call_app'
railties (5.1.2) lib/rails/rack/logger.rb:24:in `block in call'
activesupport (5.1.2) lib/active_support/tagged_logging.rb:69:in `block in tagged'
activesupport (5.1.2) lib/active_support/tagged_logging.rb:26:in `tagged'
activesupport (5.1.2) lib/active_support/tagged_logging.rb:69:in `tagged'
railties (5.1.2) lib/rails/rack/logger.rb:24:in `call'
actionpack (5.1.2) lib/action_dispatch/middleware/remote_ip.rb:79:in `call'
actionpack (5.1.2) lib/action_dispatch/middleware/request_id.rb:25:in `call'
rack (2.0.3) lib/rack/runtime.rb:22:in `call'
activesupport (5.1.2) lib/active_support/cache/strategy/local_cache_middleware.rb:27:in `call'
actionpack (5.1.2) lib/action_dispatch/middleware/executor.rb:12:in `call'
actionpack (5.1.2) lib/action_dispatch/middleware/static.rb:125:in `call'
rack (2.0.3) lib/rack/sendfile.rb:111:in `call'
railties (5.1.2) lib/rails/engine.rb:522:in `call'
puma (3.9.1) lib/puma/configuration.rb:224:in `call'
puma (3.9.1) lib/puma/server.rb:602:in `handle_request'
puma (3.9.1) lib/puma/server.rb:435:in `process_client'
puma (3.9.1) lib/puma/server.rb:299:in `block in run'
puma (3.9.1) lib/puma/thread_pool.rb:120:in `block in spawn_thread'
Started POST "/questions" for 127.0.0.1 at 2017-08-01 03:12:53 +0900
Error occurred while parsing request parameters.
Contents:

{'content': 'test','answer': 'answer test'}
  
ActionDispatch::Http::Parameters::ParseError (822: unexpected token at '{'content': 'test','answer': 'answer test'}'):
  
actionpack (5.1.2) lib/action_dispatch/http/parameters.rb:113:in `rescue in parse_formatted_parameters'
actionpack (5.1.2) lib/action_dispatch/http/parameters.rb:107:in `parse_formatted_parameters'
actionpack (5.1.2) lib/action_dispatch/http/request.rb:358:in `block in POST'
rack (2.0.3) lib/rack/request.rb:57:in `fetch'
rack (2.0.3) lib/rack/request.rb:57:in `fetch_header'
actionpack (5.1.2) lib/action_dispatch/http/request.rb:357:in `POST'
actionpack (5.1.2) lib/action_controller/metal/params_wrapper.rb:286:in `_wrapper_enabled?'
actionpack (5.1.2) lib/action_controller/metal/params_wrapper.rb:235:in `process_action'
activerecord (5.1.2) lib/active_record/railties/controller_runtime.rb:22:in `process_action'
actionpack (5.1.2) lib/abstract_controller/base.rb:124:in `process'
actionpack (5.1.2) lib/action_controller/metal.rb:189:in `dispatch'
actionpack (5.1.2) lib/action_controller/metal.rb:253:in `dispatch'
actionpack (5.1.2) lib/action_dispatch/routing/route_set.rb:49:in `dispatch'
actionpack (5.1.2) lib/action_dispatch/routing/route_set.rb:31:in `serve'
actionpack (5.1.2) lib/action_dispatch/journey/router.rb:46:in `block in serve'
actionpack (5.1.2) lib/action_dispatch/journey/router.rb:33:in `each'
actionpack (5.1.2) lib/action_dispatch/journey/router.rb:33:in `serve'
actionpack (5.1.2) lib/action_dispatch/routing/route_set.rb:832:in `call'
rack (2.0.3) lib/rack/etag.rb:25:in `call'
rack (2.0.3) lib/rack/conditional_get.rb:38:in `call'
rack (2.0.3) lib/rack/head.rb:12:in `call'
activerecord (5.1.2) lib/active_record/migration.rb:556:in `call'
actionpack (5.1.2) lib/action_dispatch/middleware/callbacks.rb:26:in `block in call'
activesupport (5.1.2) lib/active_support/callbacks.rb:97:in `run_callbacks'
actionpack (5.1.2) lib/action_dispatch/middleware/callbacks.rb:24:in `call'
actionpack (5.1.2) lib/action_dispatch/middleware/executor.rb:12:in `call'
actionpack (5.1.2) lib/action_dispatch/middleware/debug_exceptions.rb:59:in `call'
actionpack (5.1.2) lib/action_dispatch/middleware/show_exceptions.rb:31:in `call'
railties (5.1.2) lib/rails/rack/logger.rb:36:in `call_app'
railties (5.1.2) lib/rails/rack/logger.rb:24:in `block in call'
activesupport (5.1.2) lib/active_support/tagged_logging.rb:69:in `block in tagged'
activesupport (5.1.2) lib/active_support/tagged_logging.rb:26:in `tagged'
activesupport (5.1.2) lib/active_support/tagged_logging.rb:69:in `tagged'
railties (5.1.2) lib/rails/rack/logger.rb:24:in `call'
actionpack (5.1.2) lib/action_dispatch/middleware/remote_ip.rb:79:in `call'
actionpack (5.1.2) lib/action_dispatch/middleware/request_id.rb:25:in `call'
rack (2.0.3) lib/rack/runtime.rb:22:in `call'
activesupport (5.1.2) lib/active_support/cache/strategy/local_cache_middleware.rb:27:in `call'
actionpack (5.1.2) lib/action_dispatch/middleware/executor.rb:12:in `call'
actionpack (5.1.2) lib/action_dispatch/middleware/static.rb:125:in `call'
rack (2.0.3) lib/rack/sendfile.rb:111:in `call'
railties (5.1.2) lib/rails/engine.rb:522:in `call'
puma (3.9.1) lib/puma/configuration.rb:224:in `call'
puma (3.9.1) lib/puma/server.rb:602:in `handle_request'
puma (3.9.1) lib/puma/server.rb:435:in `process_client'
puma (3.9.1) lib/puma/server.rb:299:in `block in run'
puma (3.9.1) lib/puma/thread_pool.rb:120:in `block in spawn_thread'
Started POST "/questions" for 127.0.0.1 at 2017-08-01 03:13:57 +0900
  [1m[35m (0.4ms)[0m  [1m[35mSET NAMES utf8,  @@SESSION.sql_mode = CONCAT(CONCAT(@@sql_mode, ',STRICT_ALL_TABLES'), ',NO_AUTO_VALUE_ON_ZERO'),  @@SESSION.sql_auto_is_null = 0, @@SESSION.wait_timeout = 2147483[0m
Processing by QuestionsController#create as */*
  Parameters: {"content"=>"test", "answer"=>"answer test", "question"=>{"content"=>"test", "answer"=>"answer test"}}
Unpermitted parameter: :question
  [1m[35m (0.2ms)[0m  [1m[35mBEGIN[0m
  [1m[35mSQL (0.2ms)[0m  [1m[32mINSERT INTO `questions` (`content`, `answer`, `created_at`, `updated_at`) VALUES ('test', 'answer test', '2017-07-31 18:13:57', '2017-07-31 18:13:57')[0m
  [1m[35m (0.3ms)[0m  [1m[35mCOMMIT[0m
Completed 201 Created in 9ms (Views: 0.4ms | ActiveRecord: 4.1ms)


